0 info it worked if it ends with ok
1 verbose cli [ 'c:\\Program Files\\nodejs\\node.exe',
1 verbose cli   'c:\\Program Files\\nodejs\\node_modules\\npm\\bin\\npm-cli.js',
1 verbose cli   'install',
1 verbose cli   'requirejs' ]
2 info using npm@1.3.24
3 info using node@v0.10.25
4 warn package.json path@0.4.9 path is also the name of a node core module.
5 verbose readDependencies using package.json deps
6 verbose cache add [ 'requirejs', null ]
7 verbose cache add name=undefined spec="requirejs" args=["requirejs",null]
8 verbose parsed url { protocol: null,
8 verbose parsed url   slashes: null,
8 verbose parsed url   auth: null,
8 verbose parsed url   host: null,
8 verbose parsed url   port: null,
8 verbose parsed url   hostname: null,
8 verbose parsed url   hash: null,
8 verbose parsed url   search: null,
8 verbose parsed url   query: null,
8 verbose parsed url   pathname: 'requirejs',
8 verbose parsed url   path: 'requirejs',
8 verbose parsed url   href: 'requirejs' }
9 silly lockFile f2b16c35-requirejs requirejs
10 verbose lock requirejs C:\Users\Mosho\AppData\Roaming\npm-cache\f2b16c35-requirejs.lock
11 silly lockFile f2b16c35-requirejs requirejs
12 silly lockFile f2b16c35-requirejs requirejs
13 verbose addNamed [ 'requirejs', '' ]
14 verbose addNamed [ null, '*' ]
15 silly lockFile e9b02655-requirejs requirejs@
16 verbose lock requirejs@ C:\Users\Mosho\AppData\Roaming\npm-cache\e9b02655-requirejs.lock
17 silly addNameRange { name: 'requirejs', range: '*', hasData: false }
18 verbose url raw requirejs
19 verbose url resolving [ 'https://registry.npmjs.org/', './requirejs' ]
20 verbose url resolved https://registry.npmjs.org/requirejs
21 info trying registry request attempt 1 at 21:40:40
22 verbose etag "2ZBM8W5FYC2FFU48J6Z5N42P0"
23 http GET https://registry.npmjs.org/requirejs
24 http 304 https://registry.npmjs.org/requirejs
25 silly registry.get cb [ 304,
25 silly registry.get   { date: 'Thu, 03 Apr 2014 01:40:24 GMT',
25 silly registry.get     server: 'Apache',
25 silly registry.get     via: '1.1 varnish',
25 silly registry.get     'last-modified': 'Thu, 03 Apr 2014 01:40:24 GMT',
25 silly registry.get     'cache-control': 'max-age=1',
25 silly registry.get     etag: '"2ZBM8W5FYC2FFU48J6Z5N42P0"',
25 silly registry.get     'x-served-by': 'cache-jfk1022-JFK',
25 silly registry.get     'x-cache': 'HIT',
25 silly registry.get     'x-cache-hits': '1',
25 silly registry.get     'x-timer': 'S1396489224.848868370,VS0,VE7',
25 silly registry.get     vary: 'Accept',
25 silly registry.get     'content-length': '0',
25 silly registry.get     'keep-alive': 'timeout=10, max=50',
25 silly registry.get     connection: 'Keep-Alive' } ]
26 verbose etag requirejs from cache
27 silly addNameRange number 2 { name: 'requirejs', range: '*', hasData: true }
28 silly addNameRange versions [ 'requirejs',
28 silly addNameRange   [ '0.26.0',
28 silly addNameRange     '0.27.0',
28 silly addNameRange     '0.27.1',
28 silly addNameRange     '1.0.0',
28 silly addNameRange     '1.0.1',
28 silly addNameRange     '1.0.2',
28 silly addNameRange     '1.0.3',
28 silly addNameRange     '1.0.4',
28 silly addNameRange     '1.0.5',
28 silly addNameRange     '1.0.6',
28 silly addNameRange     '1.0.7',
28 silly addNameRange     '1.0.8',
28 silly addNameRange     '2.0.0',
28 silly addNameRange     '2.0.1',
28 silly addNameRange     '2.0.2',
28 silly addNameRange     '2.0.3',
28 silly addNameRange     '2.0.4',
28 silly addNameRange     '2.0.5',
28 silly addNameRange     '2.0.6',
28 silly addNameRange     '2.1.0',
28 silly addNameRange     '2.1.1',
28 silly addNameRange     '2.1.2',
28 silly addNameRange     '2.1.3',
28 silly addNameRange     '2.1.4',
28 silly addNameRange     '2.1.5',
28 silly addNameRange     '2.1.6',
28 silly addNameRange     '2.1.7',
28 silly addNameRange     '2.1.8',
28 silly addNameRange     '2.1.9',
28 silly addNameRange     '2.1.10',
28 silly addNameRange     '2.1.11' ] ]
29 verbose addNamed [ 'requirejs', '2.1.11' ]
30 verbose addNamed [ '2.1.11', '2.1.11' ]
31 silly lockFile b76e8723-requirejs-2-1-11 requirejs@2.1.11
32 verbose lock requirejs@2.1.11 C:\Users\Mosho\AppData\Roaming\npm-cache\b76e8723-requirejs-2-1-11.lock
33 silly lockFile b76e8723-requirejs-2-1-11 requirejs@2.1.11
34 silly lockFile b76e8723-requirejs-2-1-11 requirejs@2.1.11
35 silly lockFile e9b02655-requirejs requirejs@
36 silly lockFile e9b02655-requirejs requirejs@
37 silly resolved [ { name: 'requirejs',
37 silly resolved     description: 'Node adapter for RequireJS, for loading AMD modules. Includes RequireJS optimizer',
37 silly resolved     version: '2.1.11',
37 silly resolved     homepage: 'http://github.com/jrburke/r.js',
37 silly resolved     author:
37 silly resolved      { name: 'James Burke',
37 silly resolved        email: 'jrburke@gmail.com',
37 silly resolved        url: 'http://github.com/jrburke' },
37 silly resolved     licenses: [ [Object], [Object] ],
37 silly resolved     repository: { type: 'git', url: 'https://github.com/jrburke/r.js.git' },
37 silly resolved     main: './bin/r.js',
37 silly resolved     bin: { 'r.js': './bin/r.js' },
37 silly resolved     engines: { node: '>=0.4.0' },
37 silly resolved     readme: '# requirejs\n\nRequireJS for use in Node. includes:\n\n* r.js: the RequireJS optimizer, and AMD runtime for use in Node.\n* require.js: The browser-based AMD loader.\n\nMore information at http://requirejs.org\n\n',
37 silly resolved     readmeFilename: 'README.md',
37 silly resolved     bugs: { url: 'https://github.com/jrburke/r.js/issues' },
37 silly resolved     _id: 'requirejs@2.1.11',
37 silly resolved     _from: 'requirejs@' } ]
38 info install requirejs@2.1.11 into c:\Users\Mosho\Documents\GitHub\DL-Shade2\DL-Shade
39 info installOne requirejs@2.1.11
40 info c:\Users\Mosho\Documents\GitHub\DL-Shade2\DL-Shade\node_modules\requirejs unbuild
41 info preuninstall requirejs@2.1.11
42 info uninstall requirejs@2.1.11
43 verbose true,c:\Users\Mosho\Documents\GitHub\DL-Shade2\DL-Shade\node_modules,c:\Users\Mosho\Documents\GitHub\DL-Shade2\DL-Shade\node_modules unbuild requirejs@2.1.11
44 verbose c:\Users\Mosho\Documents\GitHub\DL-Shade2\DL-Shade\node_modules\.bin,[object Object] binRoot
45 info c:\Users\Mosho\Documents\GitHub\DL-Shade2\DL-Shade\node_modules\requirejs unbuild
46 info preuninstall requirejs@2.1.11
47 info uninstall requirejs@2.1.11
48 verbose true,c:\Users\Mosho\Documents\GitHub\DL-Shade2\DL-Shade\node_modules,c:\Users\Mosho\Documents\GitHub\DL-Shade2\DL-Shade\node_modules unbuild requirejs@2.1.11
49 verbose c:\Users\Mosho\Documents\GitHub\DL-Shade2\DL-Shade\node_modules\.bin,[object Object] binRoot
50 error error rolling back Error: EPERM, unlink 'c:\Users\Mosho\Documents\GitHub\DL-Shade2\DL-Shade\node_modules\.bin\r.js.cmd'
50 error error rolling back  requirejs@2.1.11 { [Error: EPERM, unlink 'c:\Users\Mosho\Documents\GitHub\DL-Shade2\DL-Shade\node_modules\.bin\r.js.cmd']
50 error error rolling back   errno: 50,
50 error error rolling back   code: 'EPERM',
50 error error rolling back   path: 'c:\\Users\\Mosho\\Documents\\GitHub\\DL-Shade2\\DL-Shade\\node_modules\\.bin\\r.js.cmd' }
51 error Error: EPERM, unlink 'c:\Users\Mosho\Documents\GitHub\DL-Shade2\DL-Shade\node_modules\.bin\r.js.cmd'
51 error  { [Error: EPERM, unlink 'c:\Users\Mosho\Documents\GitHub\DL-Shade2\DL-Shade\node_modules\.bin\r.js.cmd']
51 error   errno: 50,
51 error   code: 'EPERM',
51 error   path: 'c:\\Users\\Mosho\\Documents\\GitHub\\DL-Shade2\\DL-Shade\\node_modules\\.bin\\r.js.cmd' }
52 error Please try running this command again as root/Administrator.
53 error System Windows_NT 6.2.9200
54 error command "c:\\Program Files\\nodejs\\node.exe" "c:\\Program Files\\nodejs\\node_modules\\npm\\bin\\npm-cli.js" "install" "requirejs"
55 error cwd c:\Users\Mosho\Documents\GitHub\DL-Shade2\DL-Shade
56 error node -v v0.10.25
57 error npm -v 1.3.24
58 error path c:\Users\Mosho\Documents\GitHub\DL-Shade2\DL-Shade\node_modules\.bin\r.js.cmd
59 error code EPERM
60 error errno 50
61 error stack Error: EPERM, unlink 'c:\Users\Mosho\Documents\GitHub\DL-Shade2\DL-Shade\node_modules\.bin\r.js.cmd'
62 verbose exit [ 50, true ]
